1586839113.018827 client started (13918): version 2.6, socket /tmp/tmux-1000/default, protocol 8
1586839113.018890 on Linux 5.3.0-46-generic #38~18.04.1-Ubuntu SMP Tue Mar 31 04:17:56 UTC 2020; libevent 2.1.8-stable (poll)
1586839113.018945 socket is /tmp/tmux-1000/default
1586839113.018978 trying connect
1586839113.019142 add peer 0x55ddfa0a2420: 6 ((nil))
1586839113.019313 sending message 100 to peer 0x55ddfa0a2420 (4 bytes)
1586839113.019350 sending message 101 to peer 0x55ddfa0a2420 (15 bytes)
1586839113.019376 sending message 102 to peer 0x55ddfa0a2420 (11 bytes)
1586839113.019401 sending message 108 to peer 0x55ddfa0a2420 (29 bytes)
1586839113.019429 sending message 104 to peer 0x55ddfa0a2420 (0 bytes)
1586839113.019455 sending message 107 to peer 0x55ddfa0a2420 (4 bytes)
1586839113.019479 sending message 105 to peer 0x55ddfa0a2420 (15 bytes)
1586839113.019504 sending message 105 to peer 0x55ddfa0a2420 (20 bytes)
1586839113.019527 sending message 105 to peer 0x55ddfa0a2420 (54 bytes)
1586839113.019550 sending message 105 to peer 0x55ddfa0a2420 (51 bytes)
1586839113.019573 sending message 105 to peer 0x55ddfa0a2420 (23 bytes)
1586839113.019596 sending message 105 to peer 0x55ddfa0a2420 (11 bytes)
1586839113.019629 sending message 105 to peer 0x55ddfa0a2420 (18 bytes)
1586839113.019653 sending message 105 to peer 0x55ddfa0a2420 (52 bytes)
1586839113.019677 sending message 105 to peer 0x55ddfa0a2420 (27 bytes)
1586839113.019699 sending message 105 to peer 0x55ddfa0a2420 (28 bytes)
1586839113.019722 sending message 105 to peer 0x55ddfa0a2420 (18 bytes)
1586839113.019746 sending message 105 to peer 0x55ddfa0a2420 (22 bytes)
1586839113.019781 sending message 105 to peer 0x55ddfa0a2420 (21 bytes)
1586839113.019805 sending message 105 to peer 0x55ddfa0a2420 (22 bytes)
1586839113.019829 sending message 105 to peer 0x55ddfa0a2420 (27 bytes)
1586839113.019853 sending message 105 to peer 0x55ddfa0a2420 (33 bytes)
1586839113.019876 sending message 105 to peer 0x55ddfa0a2420 (31 bytes)
1586839113.019908 sending message 105 to peer 0x55ddfa0a2420 (28 bytes)
1586839113.019933 sending message 105 to peer 0x55ddfa0a2420 (17 bytes)
1586839113.019957 sending message 105 to peer 0x55ddfa0a2420 (10 bytes)
1586839113.019982 sending message 105 to peer 0x55ddfa0a2420 (23 bytes)
1586839113.020012 sending message 105 to peer 0x55ddfa0a2420 (21 bytes)
1586839113.020046 sending message 105 to peer 0x55ddfa0a2420 (30 bytes)
1586839113.020071 sending message 105 to peer 0x55ddfa0a2420 (27 bytes)
1586839113.020095 sending message 105 to peer 0x55ddfa0a2420 (24 bytes)
1586839113.020118 sending message 105 to peer 0x55ddfa0a2420 (20 bytes)
1586839113.020141 sending message 105 to peer 0x55ddfa0a2420 (23 bytes)
1586839113.020165 sending message 105 to peer 0x55ddfa0a2420 (21 bytes)
1586839113.020189 sending message 105 to peer 0x55ddfa0a2420 (25 bytes)
1586839113.020212 sending message 105 to peer 0x55ddfa0a2420 (20 bytes)
1586839113.020236 sending message 105 to peer 0x55ddfa0a2420 (15 bytes)
1586839113.020266 sending message 105 to peer 0x55ddfa0a2420 (1516 bytes)
1586839113.020349 sending message 105 to peer 0x55ddfa0a2420 (54 bytes)
1586839113.020386 sending message 105 to peer 0x55ddfa0a2420 (128 bytes)
1586839113.020411 sending message 105 to peer 0x55ddfa0a2420 (13 bytes)
1586839113.020436 sending message 105 to peer 0x55ddfa0a2420 (33 bytes)
1586839113.020461 sending message 105 to peer 0x55ddfa0a2420 (19 bytes)
1586839113.020493 sending message 105 to peer 0x55ddfa0a2420 (30 bytes)
1586839113.020519 sending message 105 to peer 0x55ddfa0a2420 (82 bytes)
1586839113.020544 sending message 105 to peer 0x55ddfa0a2420 (20 bytes)
1586839113.020568 sending message 105 to peer 0x55ddfa0a2420 (50 bytes)
1586839113.020592 sending message 105 to peer 0x55ddfa0a2420 (8 bytes)
1586839113.020616 sending message 105 to peer 0x55ddfa0a2420 (19 bytes)
1586839113.020640 sending message 105 to peer 0x55ddfa0a2420 (47 bytes)
1586839113.020665 sending message 105 to peer 0x55ddfa0a2420 (20 bytes)
1586839113.020690 sending message 105 to peer 0x55ddfa0a2420 (12 bytes)
1586839113.020746 sending message 105 to peer 0x55ddfa0a2420 (16 bytes)
1586839113.020772 sending message 105 to peer 0x55ddfa0a2420 (18 bytes)
1586839113.020796 sending message 105 to peer 0x55ddfa0a2420 (13 bytes)
1586839113.020820 sending message 105 to peer 0x55ddfa0a2420 (41 bytes)
1586839113.020846 sending message 105 to peer 0x55ddfa0a2420 (15 bytes)
1586839113.020871 sending message 105 to peer 0x55ddfa0a2420 (22 bytes)
1586839113.020895 sending message 105 to peer 0x55ddfa0a2420 (45 bytes)
1586839113.020920 sending message 105 to peer 0x55ddfa0a2420 (24 bytes)
1586839113.020944 sending message 105 to peer 0x55ddfa0a2420 (85 bytes)
1586839113.020969 sending message 105 to peer 0x55ddfa0a2420 (31 bytes)
1586839113.020993 sending message 105 to peer 0x55ddfa0a2420 (15 bytes)
1586839113.021018 sending message 105 to peer 0x55ddfa0a2420 (27 bytes)
1586839113.021046 sending message 105 to peer 0x55ddfa0a2420 (17 bytes)
1586839113.021072 sending message 105 to peer 0x55ddfa0a2420 (21 bytes)
1586839113.021096 sending message 105 to peer 0x55ddfa0a2420 (11 bytes)
1586839113.021120 sending message 105 to peer 0x55ddfa0a2420 (16 bytes)
1586839113.021144 sending message 106 to peer 0x55ddfa0a2420 (0 bytes)
1586839113.021169 sending message 200 to peer 0x55ddfa0a2420 (4 bytes)
1586839113.021192 client loop enter
1586839113.025670 peer 0x55ddfa0a2420 message 207
1586839113.025699 sending message 208 to peer 0x55ddfa0a2420 (0 bytes)
1586839117.388519 peer 0x55ddfa0a2420 message 201
1586839117.388585 sending message 205 to peer 0x55ddfa0a2420 (0 bytes)
1586839117.389259 peer 0x55ddfa0a2420 message 204
1586839117.389294 client loop exit
